<?xml version="1.0" encoding="UTF-8"?>
<testng-results ignored="0" total="2" passed="2" failed="0" skipped="0">
  <reporter-output>
  </reporter-output>
  <suite started-at="2024-04-05T12:49:14 IST" name="Default suite" finished-at="2024-04-05T12:49:43 IST" duration-ms="29079">
    <groups>
    </groups>
    <test started-at="2024-04-05T12:49:14 IST" name="Default test" finished-at="2024-04-05T12:49:43 IST" duration-ms="29079">
      <class name="testNG.Beforeandafterclass">
        <test-method is-config="true" signature="OpenApp()[pri:0, instance:testNG.Beforeandafterclass@543295b0]" started-at="2024-04-05T12:49:14 IST" name="OpenApp" finished-at="2024-04-05T12:49:40 IST" duration-ms="26307" status="PASS">
          <reporter-output>
          </reporter-output>
        </test-method> <!-- OpenApp -->
        <test-method signature="Login()[pri:1, instance:testNG.Beforeandafterclass@543295b0]" started-at="2024-04-05T12:49:40 IST" name="Login" finished-at="2024-04-05T12:49:43 IST" duration-ms="2420" status="PASS">
          <reporter-output>
          </reporter-output>
        </test-method> <!-- Login -->
        <test-method signature="Search()[pri:2, instance:testNG.Beforeandafterclass@543295b0]" started-at="2024-04-05T12:49:43 IST" name="Search" finished-at="2024-04-05T12:49:43 IST" duration-ms="2" status="PASS">
          <reporter-output>
          </reporter-output>
        </test-method> <!-- Search -->
        <test-method is-config="true" signature="CloseApp()[pri:0, instance:testNG.Beforeandafterclass@543295b0]" started-at="2024-04-05T12:49:43 IST" name="CloseApp" finished-at="2024-04-05T12:49:43 IST" duration-ms="288" status="PASS">
          <reporter-output>
          </reporter-output>
        </test-method> <!-- CloseApp -->
      </class> <!-- testNG.Beforeandafterclass -->
    </test> <!-- Default test -->
  </suite> <!-- Default suite -->
</testng-results>
